<?xml version="1.0" encoding="UTF-8"?>
<testsuite xmlns:xsi="http://www.w3.org/2001/XMLSchema-instance" xsi:noNamespaceSchemaLocation="https://maven.apache.org/surefire/maven-surefire-plugin/xsd/surefire-test-report-3.0.xsd" version="3.0" name="TestSuite" time="51.488" tests="3" errors="0" skipped="0" failures="0">
  <properties>
[...]
</properties>
  <testcase name="BhSubscriptionPackages" classname="com.automation.web.SubscriptionPackages" time="25.306"/>
  <testcase name="BhSubscriptionPackages" classname="com.automation.web.SubscriptionPackages" time="25.322"/>
  <testcase name="BhSubscriptionPackages" classname="com.automation.web.SubscriptionPackages" time="23.178"/>
</testsuite>