<?xml version="1.0" encoding="UTF-8"?>
<!-- Generated by org.testng.reporters.JUnitXMLReporter -->
<testsuite hostname="5CD116VBH4" ignored="2" name="SubscriptionPackages" tests="3" failures="0" timestamp="01 Jan 2023 08:48:53 GMT" time="50.984" errors="0">
  <testcase name="BhSubscriptionPackages" time="25.305" classname="com.automation.web.SubscriptionPackages"/>
  <testcase name="BhSubscriptionPackages" time="25.323" classname="com.automation.web.SubscriptionPackages"/>
  <testcase name="BhSubscriptionPackages" time="23.177" classname="com.automation.web.SubscriptionPackages"/>
  <testcase name="KwSubscriptionPackages" time="0.0" classname="com.automation.web.SubscriptionPackages">
    <ignored/>
  </testcase> <!-- KwSubscriptionPackages -->
  <testcase name="KsaSubscriptionPackages" time="0.0" classname="com.automation.web.SubscriptionPackages">
    <ignored/>
  </testcase> <!-- KsaSubscriptionPackages -->
</testsuite> <!-- SubscriptionPackages -->
